2017-12-03 16:44:59,318 INFO  [Log] **************************************************************************************** 
2017-12-03 16:44:59,319 INFO  [Log] **************************************************************************************** 
2017-12-03 16:44:59,319 INFO  [Log] $$$$$$$$$$$$$$$$$$$$$                 Selenium_Test_001       $$$$$$$$$$$$$$$$$$$$$$$$$ 
2017-12-03 16:44:59,319 INFO  [Log] **************************************************************************************** 
2017-12-03 16:44:59,319 INFO  [Log] **************************************************************************************** 
2017-12-03 16:44:59,339 INFO  [Log] STEP 1: Launch Admin URL 
2017-12-03 16:45:06,111 INFO  [Log] STEP 2: Login Admin 
2017-12-03 16:45:09,292 INFO  [Log] XXXXXXXXXXXXXXXXXXXXXXX             -E---N---D-             XXXXXXXXXXXXXXXXXXXXXX 
2017-12-03 16:45:09,293 INFO  [Log] X 
2017-12-03 16:45:09,293 INFO  [Log] X 
2017-12-03 16:45:09,293 INFO  [Log] X 
2017-12-03 16:45:09,293 INFO  [Log] X 
2017-12-03 16:49:42,548 INFO  [Log] **************************************************************************************** 
2017-12-03 16:49:42,549 INFO  [Log] **************************************************************************************** 
2017-12-03 16:49:42,549 INFO  [Log] $$$$$$$$$$$$$$$$$$$$$                 -S---T---A---R---T-       $$$$$$$$$$$$$$$$$$$$$$$$$ 
2017-12-03 16:49:42,549 INFO  [Log] **************************************************************************************** 
2017-12-03 16:49:42,549 INFO  [Log] **************************************************************************************** 
2017-12-03 16:49:42,560 INFO  [Log] STEP 1: Launch Admin URL 
2017-12-03 16:50:03,568 INFO  [Log] STEP 2: Login Admin 
2017-12-03 16:50:06,736 INFO  [Log] XXXXXXXXXXXXXXXXXXXXXXX             -E---N---D-             XXXXXXXXXXXXXXXXXXXXXX 
2017-12-03 16:50:06,737 INFO  [Log] X 
2017-12-03 16:50:06,737 INFO  [Log] X 
2017-12-03 16:50:06,737 INFO  [Log] X 
2017-12-03 16:50:06,737 INFO  [Log] X 
